<?xml version="1.0" encoding="UTF-8"?>
<!-- Generated by org.testng.reporters.JUnitXMLReporter -->
<testsuite ignored="0" hostname="LAPTOP-OS77LBS0" failures="1" tests="1" name="Test" time="1.913" errors="0" timestamp="2023-04-18T10:47:14 IST">
  <testcase classname="com.talentsavvy.qa.test.ApiTestCases" name="verifyCreateUserApiTest" time="1.706">
    <failure type="java.lang.NullPointerException" message="Cannot invoke &amp;quot;io.restassured.response.Response.getStatusCode()&amp;quot; because &amp;quot;this.response&amp;quot; is null">
      <![CDATA[java.lang.NullPointerException: Cannot invoke "io.restassured.response.Response.getStatusCode()" because "this.response" is null
at com.talentsavvy.qa.test.ApiTestCases.verifyCreateUserApiTest(ApiTestCases.java:47)
at java.base/java.util.ArrayList.forEach(ArrayList.java:1511)
... Removed 25 stack frames]]>
    </failure>
  </testcase> <!-- verifyCreateUserApiTest -->
</testsuite> <!-- Test -->
